<?xml version="1.0" encoding="UTF-8"?>
<!-- Generated by org.testng.reporters.JUnitXMLReporter -->
<testsuite ignored="0" hostname="MacBook-Pro-Olga.local" failures="0" tests="6" name="Surefire test" time="128.273" errors="0" timestamp="15 мая 2019 17:33:25 GMT">
  <testcase classname="ru.beru.FirstTest" name="firstTest" time="9.956"/>
  <testcase classname="ru.beru.SecondTest" name="changeCity" time="14.474"/>
  <testcase classname="ru.beru.SecondTest" name="changeCity" time="13.193"/>
  <testcase classname="ru.beru.SecondTest" name="changeCity" time="17.698"/>
  <testcase classname="ru.beru.SecondTest" name="changeCity" time="13.253"/>
  <testcase classname="ru.beru.ThirdTest" name="searchInCart" time="12.747"/>
</testsuite> <!-- Surefire test -->
