<?xml version="1.0" encoding="UTF-8"?>
<!-- Generated by org.testng.reporters.JUnitXMLReporter -->
<testsuite ignored="0" hostname="MacBook-Pro-Olga.local" failures="0" tests="6" name="Surefire test" time="139.837" errors="0" timestamp="15 мая 2019 18:50:48 GMT">
  <testcase classname="ru.beru.BuyToothbrushTest" name="searchInCart" time="12.248"/>
  <testcase classname="ru.beru.LogInTest" name="firstTest" time="13.531"/>
  <testcase classname="ru.beru.ChangeCityTest" name="changeCity" time="19.338"/>
  <testcase classname="ru.beru.ChangeCityTest" name="changeCity" time="15.827"/>
  <testcase classname="ru.beru.ChangeCityTest" name="changeCity" time="15.9"/>
  <testcase classname="ru.beru.ChangeCityTest" name="changeCity" time="14.754"/>
</testsuite> <!-- Surefire test -->
