<?xml version="1.0" encoding="UTF-8"?>
<testng-results ignored="0" total="3" passed="3" failed="0" skipped="0">
  <reporter-output>
  </reporter-output>
  <suite started-at="2019-05-16T06:21:10Z" name="Surefire suite" finished-at="2019-05-16T06:22:16Z" duration-ms="66252">
    <groups>
    </groups>
    <test started-at="2019-05-16T06:21:10Z" name="Surefire test" finished-at="2019-05-16T06:22:16Z" duration-ms="66252">
      <class name="ru.beru.LogInTest">
        <test-method is-config="true" signature="setUp()[pri:0, instance:ru.beru.LogInTest@3918c187]" started-at="2019-05-16T06:21:38Z" name="setUp" finished-at="2019-05-16T06:21:45Z" duration-ms="6609" status="PASS">
          <reporter-output>
          </reporter-output>
        </test-method> <!-- setUp -->
        <test-method signature="firstTest()[pri:0, instance:ru.beru.LogInTest@3918c187]" started-at="2019-05-16T06:21:45Z" name="firstTest" finished-at="2019-05-16T06:21:52Z" duration-ms="7414" status="PASS">
          <reporter-output>
          </reporter-output>
        </test-method> <!-- firstTest -->
        <test-method is-config="true" signature="close()[pri:0, instance:ru.beru.LogInTest@3918c187]" started-at="2019-05-16T06:21:52Z" name="close" finished-at="2019-05-16T06:21:55Z" duration-ms="2482" status="PASS">
          <reporter-output>
          </reporter-output>
        </test-method> <!-- close -->
      </class> <!-- ru.beru.LogInTest -->
      <class name="ru.beru.BuyToothbrushTest">
        <test-method is-config="true" signature="setUp()[pri:0, instance:ru.beru.BuyToothbrushTest@295eaa7c]" started-at="2019-05-16T06:21:10Z" name="setUp" finished-at="2019-05-16T06:21:20Z" duration-ms="10230" status="PASS">
          <reporter-output>
          </reporter-output>
        </test-method> <!-- setUp -->
        <test-method signature="searchInCart()[pri:0, instance:ru.beru.BuyToothbrushTest@295eaa7c]" started-at="2019-05-16T06:21:20Z" name="searchInCart" finished-at="2019-05-16T06:21:35Z" duration-ms="14981" status="PASS">
          <reporter-output>
          </reporter-output>
        </test-method> <!-- searchInCart -->
        <test-method is-config="true" signature="close()[pri:0, instance:ru.beru.BuyToothbrushTest@295eaa7c]" started-at="2019-05-16T06:21:35Z" name="close" finished-at="2019-05-16T06:21:38Z" duration-ms="2570" status="PASS">
          <reporter-output>
          </reporter-output>
        </test-method> <!-- close -->
      </class> <!-- ru.beru.BuyToothbrushTest -->
      <class name="ru.beru.ChangeCityTest">
        <test-method is-config="true" signature="setUp()[pri:0, instance:ru.beru.ChangeCityTest@2c88b9fc]" started-at="2019-05-16T06:21:55Z" name="setUp" finished-at="2019-05-16T06:22:02Z" duration-ms="7171" status="PASS">
          <reporter-output>
          </reporter-output>
        </test-method> <!-- setUp -->
        <test-method signature="changeCity(java.lang.String)[pri:0, instance:ru.beru.ChangeCityTest@2c88b9fc]" started-at="2019-05-16T06:22:02Z" name="changeCity" data-provider="SetUpCity" finished-at="2019-05-16T06:22:14Z" duration-ms="12224" status="PASS">
          <params>
            <param index="0">
              <value>
                <![CDATA[Урус-Мартан]]>
              </value>
            </param>
          </params>
          <reporter-output>
          </reporter-output>
        </test-method> <!-- changeCity -->
        <test-method is-config="true" signature="close()[pri:0, instance:ru.beru.ChangeCityTest@2c88b9fc]" started-at="2019-05-16T06:22:14Z" name="close" finished-at="2019-05-16T06:22:16Z" duration-ms="2479" status="PASS">
          <reporter-output>
          </reporter-output>
        </test-method> <!-- close -->
      </class> <!-- ru.beru.ChangeCityTest -->
    </test> <!-- Surefire test -->
  </suite> <!-- Surefire suite -->
</testng-results>
