<?xml version="1.0" encoding="UTF-8"?>
<testsuite xmlns:xsi="http://www.w3.org/2001/XMLSchema-instance" xsi:noNamespaceSchemaLocation="https://maven.apache.org/surefire/maven-surefire-plugin/xsd/surefire-test-report.xsd" name="TestSuite" time="67.053" tests="3" errors="0" skipped="0" failures="0">
  <properties>
[...]
</properties>
  <testcase name="searchInCart" classname="ru.beru.BuyToothbrushTest" time="14.982"/>
  <testcase name="firstTest" classname="ru.beru.LogInTest" time="7.414"/>
  <testcase name="changeCity" classname="ru.beru.ChangeCityTest" time="12.223"/>
</testsuite>